<?xml version="1.0" encoding="UTF-8"?>
<!-- Generated by org.testng.reporters.JUnitReportReporter -->
<testsuite hostname="LAPTOP-78JE55IV" name="com.hardik.springmvc.service.EmployeeServiceImplTest" tests="7" failures="0" timestamp="18 Sep 2017 00:11:26 GMT" time="0.072" errors="0">
  <testcase name="findEmployeeBySsn" time="0.002" classname="com.hardik.springmvc.service.EmployeeServiceImplTest"/>
  <testcase name="findAllEmployees" time="0.003" classname="com.hardik.springmvc.service.EmployeeServiceImplTest"/>
  <testcase name="saveEmployee" time="0.001" classname="com.hardik.springmvc.service.EmployeeServiceImplTest"/>
  <testcase name="findById" time="0.002" classname="com.hardik.springmvc.service.EmployeeServiceImplTest"/>
  <testcase name="updateEmployee" time="0.002" classname="com.hardik.springmvc.service.EmployeeServiceImplTest"/>
  <testcase name="isEmployeeSsnUnique" time="0.002" classname="com.hardik.springmvc.service.EmployeeServiceImplTest"/>
  <testcase name="deleteEmployeeBySsn" time="0.060" classname="com.hardik.springmvc.service.EmployeeServiceImplTest"/>
</testsuite> <!-- com.hardik.springmvc.service.EmployeeServiceImplTest -->
